12-Dec-2023 11:48:20.477 정보 [main] org.apache.catalina.startup.VersionLoggerListener.log 서버 버전 이름:    Apache Tomcat/10.1.16
12-Dec-2023 11:48:20.482 정보 [main] org.apache.catalina.startup.VersionLoggerListener.log Server 빌드 시각:  Nov 10 2023 16:17:33 UTC
12-Dec-2023 11:48:20.482 정보 [main] org.apache.catalina.startup.VersionLoggerListener.log Server 버전 번호:  10.1.16.0
12-Dec-2023 11:48:20.483 정보 [main] org.apache.catalina.startup.VersionLoggerListener.log 운영체제 이름:     Windows 11
12-Dec-2023 11:48:20.483 정보 [main] org.apache.catalina.startup.VersionLoggerListener.log 운영체제 버전:     10.0
12-Dec-2023 11:48:20.483 정보 [main] org.apache.catalina.startup.VersionLoggerListener.log 아키텍처:          amd64
12-Dec-2023 11:48:20.483 정보 [main] org.apache.catalina.startup.VersionLoggerListener.log 자바 홈:           C:\DAV\linagre\java
12-Dec-2023 11:48:20.483 정보 [main] org.apache.catalina.startup.VersionLoggerListener.log JVM 버전:          17.0.8.1+1
12-Dec-2023 11:48:20.483 정보 [main] org.apache.catalina.startup.VersionLoggerListener.log JVM 벤더:          Eclipse Adoptium
12-Dec-2023 11:48:20.483 정보 [main] org.apache.catalina.startup.VersionLoggerListener.log CATALINA_BASE:     D:\송현수\3.스프링\spring_study\exam07\src
12-Dec-2023 11:48:20.483 정보 [main] org.apache.catalina.startup.VersionLoggerListener.log CATALINA_HOME:     D:\송현수\apache-tomcat-10.1.16
12-Dec-2023 11:48:20.501 정보 [main] org.apache.catalina.startup.VersionLoggerListener.log 명령 행 아규먼트:  --add-opens=java.base/java.lang=ALL-UNNAMED
12-Dec-2023 11:48:20.501 정보 [main] org.apache.catalina.startup.VersionLoggerListener.log 명령 행 아규먼트:  --add-opens=java.base/java.io=ALL-UNNAMED
12-Dec-2023 11:48:20.501 정보 [main] org.apache.catalina.startup.VersionLoggerListener.log 명령 행 아규먼트:  --add-opens=java.base/java.util=ALL-UNNAMED
12-Dec-2023 11:48:20.501 정보 [main] org.apache.catalina.startup.VersionLoggerListener.log 명령 행 아규먼트:  --add-opens=java.base/java.util.concurrent=ALL-UNNAMED
12-Dec-2023 11:48:20.501 정보 [main] org.apache.catalina.startup.VersionLoggerListener.log 명령 행 아규먼트:  --add-opens=java.rmi/sun.rmi.transport=ALL-UNNAMED
12-Dec-2023 11:48:20.501 정보 [main] org.apache.catalina.startup.VersionLoggerListener.log 명령 행 아규먼트:  -Dcatalina.home=D:\송현수\apache-tomcat-10.1.16
12-Dec-2023 11:48:20.503 정보 [main] org.apache.catalina.startup.VersionLoggerListener.log 명령 행 아규먼트:  -Dcatalina.base=D:\송현수\3.스프링\spring_study\exam07\src
12-Dec-2023 11:48:20.503 정보 [main] org.apache.catalina.startup.VersionLoggerListener.log 명령 행 아규먼트:  -Djava.io.tmpdir=D:\송현수\3.스프링\spring_study\exam07\src\temp
12-Dec-2023 11:48:20.503 정보 [main] org.apache.catalina.startup.VersionLoggerListener.log 명령 행 아규먼트:  -Djava.util.logging.config.file=D:\송현수\3.스프링\spring_study\exam07\src\conf\logging.properties
12-Dec-2023 11:48:20.503 정보 [main] org.apache.catalina.startup.VersionLoggerListener.log 명령 행 아규먼트:  -Djava.util.logging.manager=org.apache.juli.ClassLoaderLogManager
12-Dec-2023 11:48:20.503 정보 [main] org.apache.catalina.startup.VersionLoggerListener.log 명령 행 아규먼트:  -javaagent:C:\Program Files\JetBrains\IntelliJ IDEA Community Edition 2023.2.5\lib\idea_rt.jar=53206:C:\Program Files\JetBrains\IntelliJ IDEA Community Edition 2023.2.5\bin
12-Dec-2023 11:48:20.504 정보 [main] org.apache.catalina.startup.VersionLoggerListener.log 명령 행 아규먼트:  -Dfile.encoding=UTF-8
12-Dec-2023 11:48:20.507 정보 [main] org.apache.catalina.core.AprLifecycleListener.lifecycleEvent APR 버전 [1.7.4]을(를) 사용한, APR 기반 Apache Tomcat Native 라이브러리 [2.0.6]을(를) 로드했습니다.
12-Dec-2023 11:48:20.512 정보 [main] org.apache.catalina.core.AprLifecycleListener.initializeSSL OpenSSL이 성공적으로 초기화되었습니다: [OpenSSL 3.0.11 19 Sep 2023]
12-Dec-2023 11:48:20.713 정보 [main] org.apache.coyote.AbstractProtocol.init 프로토콜 핸들러 ["http-nio-3000"]을(를) 초기화합니다.
12-Dec-2023 11:48:20.729 정보 [main] org.apache.catalina.startup.Catalina.load [472] 밀리초 내에 서버가 초기화되었습니다.
12-Dec-2023 11:48:20.779 정보 [main] org.apache.catalina.core.StandardService.startInternal 서비스 [Catalina]을(를) 시작합니다.
12-Dec-2023 11:48:20.779 정보 [main] org.apache.catalina.core.StandardEngine.startInternal 서버 엔진을 시작합니다: [Apache Tomcat/10.1.16]
12-Dec-2023 11:48:20.792 정보 [main] org.apache.catalina.startup.HostConfig.deployDescriptor 배치 descriptor [D:\송현수\3.스프링\spring_study\exam07\src\conf\Catalina\localhost\exam07.xml]을(를) 배치합니다.
12-Dec-2023 11:48:21.058 심각 [main] org.apache.catalina.core.StandardContext.startInternal 하나 이상의 필터들이 시작하지 못했습니다. 모든 상세 사항은 적절한 컨테이너 로그 파일에서 찾을 수 있습니다.
12-Dec-2023 11:48:21.058 심각 [main] org.apache.catalina.core.StandardContext.startInternal 이전 오류들로 인해 컨텍스트 [/exam07]의 시작이 실패했습니다.
12-Dec-2023 11:48:21.067 정보 [main] org.apache.catalina.startup.HostConfig.deployDescriptor 배치 descriptor [D:\송현수\3.스프링\spring_study\exam07\src\conf\Catalina\localhost\exam07.xml]의 배치가 [274] 밀리초 내에 완료되었습니다.
12-Dec-2023 11:48:21.069 정보 [main] org.apache.coyote.AbstractProtocol.start 프로토콜 핸들러 ["http-nio-3000"]을(를) 시작합니다.
12-Dec-2023 11:48:21.112 정보 [main] org.apache.catalina.startup.Catalina.start 서버가 [381] 밀리초 내에 시작되었습니다.
12-Dec-2023 12:09:16.679 정보 [Thread-1] org.apache.coyote.AbstractProtocol.pause 프로토콜 핸들러 ["http-nio-3000"]을(를) 일시 정지 중
12-Dec-2023 12:09:16.683 정보 [Thread-1] org.apache.catalina.core.StandardService.stopInternal 서비스 [Catalina]을(를) 중지시킵니다.
12-Dec-2023 12:09:16.685 정보 [Thread-1] org.apache.coyote.AbstractProtocol.stop 프로토콜 핸들러 ["http-nio-3000"]을(를) 중지시킵니다.
12-Dec-2023 12:09:16.688 정보 [Thread-1] org.apache.coyote.AbstractProtocol.destroy 프로토콜 핸들러 ["http-nio-3000"]을(를) 소멸시킵니다.
12-Dec-2023 12:09:18.942 정보 [main] org.apache.catalina.startup.VersionLoggerListener.log 서버 버전 이름:    Apache Tomcat/10.1.16
12-Dec-2023 12:09:18.945 정보 [main] org.apache.catalina.startup.VersionLoggerListener.log Server 빌드 시각:  Nov 10 2023 16:17:33 UTC
12-Dec-2023 12:09:18.945 정보 [main] org.apache.catalina.startup.VersionLoggerListener.log Server 버전 번호:  10.1.16.0
12-Dec-2023 12:09:18.945 정보 [main] org.apache.catalina.startup.VersionLoggerListener.log 운영체제 이름:     Windows 11
12-Dec-2023 12:09:18.945 정보 [main] org.apache.catalina.startup.VersionLoggerListener.log 운영체제 버전:     10.0
12-Dec-2023 12:09:18.945 정보 [main] org.apache.catalina.startup.VersionLoggerListener.log 아키텍처:          amd64
12-Dec-2023 12:09:18.945 정보 [main] org.apache.catalina.startup.VersionLoggerListener.log 자바 홈:           C:\DAV\linagre\java
12-Dec-2023 12:09:18.945 정보 [main] org.apache.catalina.startup.VersionLoggerListener.log JVM 버전:          17.0.8.1+1
12-Dec-2023 12:09:18.945 정보 [main] org.apache.catalina.startup.VersionLoggerListener.log JVM 벤더:          Eclipse Adoptium
12-Dec-2023 12:09:18.945 정보 [main] org.apache.catalina.startup.VersionLoggerListener.log CATALINA_BASE:     D:\송현수\3.스프링\spring_study\exam07\src
12-Dec-2023 12:09:18.946 정보 [main] org.apache.catalina.startup.VersionLoggerListener.log CATALINA_HOME:     D:\송현수\apache-tomcat-10.1.16
12-Dec-2023 12:09:18.952 정보 [main] org.apache.catalina.startup.VersionLoggerListener.log 명령 행 아규먼트:  --add-opens=java.base/java.lang=ALL-UNNAMED
12-Dec-2023 12:09:18.952 정보 [main] org.apache.catalina.startup.VersionLoggerListener.log 명령 행 아규먼트:  --add-opens=java.base/java.io=ALL-UNNAMED
12-Dec-2023 12:09:18.952 정보 [main] org.apache.catalina.startup.VersionLoggerListener.log 명령 행 아규먼트:  --add-opens=java.base/java.util=ALL-UNNAMED
12-Dec-2023 12:09:18.953 정보 [main] org.apache.catalina.startup.VersionLoggerListener.log 명령 행 아규먼트:  --add-opens=java.base/java.util.concurrent=ALL-UNNAMED
12-Dec-2023 12:09:18.953 정보 [main] org.apache.catalina.startup.VersionLoggerListener.log 명령 행 아규먼트:  --add-opens=java.rmi/sun.rmi.transport=ALL-UNNAMED
12-Dec-2023 12:09:18.953 정보 [main] org.apache.catalina.startup.VersionLoggerListener.log 명령 행 아규먼트:  -Dcatalina.home=D:\송현수\apache-tomcat-10.1.16
12-Dec-2023 12:09:18.953 정보 [main] org.apache.catalina.startup.VersionLoggerListener.log 명령 행 아규먼트:  -Dcatalina.base=D:\송현수\3.스프링\spring_study\exam07\src
12-Dec-2023 12:09:18.953 정보 [main] org.apache.catalina.startup.VersionLoggerListener.log 명령 행 아규먼트:  -Djava.io.tmpdir=D:\송현수\3.스프링\spring_study\exam07\src\temp
12-Dec-2023 12:09:18.953 정보 [main] org.apache.catalina.startup.VersionLoggerListener.log 명령 행 아규먼트:  -Djava.util.logging.config.file=D:\송현수\3.스프링\spring_study\exam07\src\conf\logging.properties
12-Dec-2023 12:09:18.953 정보 [main] org.apache.catalina.startup.VersionLoggerListener.log 명령 행 아규먼트:  -Djava.util.logging.manager=org.apache.juli.ClassLoaderLogManager
12-Dec-2023 12:09:18.953 정보 [main] org.apache.catalina.startup.VersionLoggerListener.log 명령 행 아규먼트:  -javaagent:C:\Program Files\JetBrains\IntelliJ IDEA Community Edition 2023.2.5\lib\idea_rt.jar=53437:C:\Program Files\JetBrains\IntelliJ IDEA Community Edition 2023.2.5\bin
12-Dec-2023 12:09:18.953 정보 [main] org.apache.catalina.startup.VersionLoggerListener.log 명령 행 아규먼트:  -Dfile.encoding=UTF-8
12-Dec-2023 12:09:18.955 정보 [main] org.apache.catalina.core.AprLifecycleListener.lifecycleEvent APR 버전 [1.7.4]을(를) 사용한, APR 기반 Apache Tomcat Native 라이브러리 [2.0.6]을(를) 로드했습니다.
12-Dec-2023 12:09:18.959 정보 [main] org.apache.catalina.core.AprLifecycleListener.initializeSSL OpenSSL이 성공적으로 초기화되었습니다: [OpenSSL 3.0.11 19 Sep 2023]
12-Dec-2023 12:09:19.157 정보 [main] org.apache.coyote.AbstractProtocol.init 프로토콜 핸들러 ["http-nio-3000"]을(를) 초기화합니다.
12-Dec-2023 12:09:19.178 정보 [main] org.apache.catalina.startup.Catalina.load [397] 밀리초 내에 서버가 초기화되었습니다.
12-Dec-2023 12:09:19.219 정보 [main] org.apache.catalina.core.StandardService.startInternal 서비스 [Catalina]을(를) 시작합니다.
12-Dec-2023 12:09:19.219 정보 [main] org.apache.catalina.core.StandardEngine.startInternal 서버 엔진을 시작합니다: [Apache Tomcat/10.1.16]
12-Dec-2023 12:09:19.229 정보 [main] org.apache.catalina.startup.HostConfig.deployDescriptor 배치 descriptor [D:\송현수\3.스프링\spring_study\exam07\src\conf\Catalina\localhost\exam07.xml]을(를) 배치합니다.
12-Dec-2023 12:09:19.522 심각 [main] org.apache.catalina.core.StandardContext.startInternal 하나 이상의 필터들이 시작하지 못했습니다. 모든 상세 사항은 적절한 컨테이너 로그 파일에서 찾을 수 있습니다.
12-Dec-2023 12:09:19.523 심각 [main] org.apache.catalina.core.StandardContext.startInternal 이전 오류들로 인해 컨텍스트 [/exam07]의 시작이 실패했습니다.
12-Dec-2023 12:09:19.532 정보 [main] org.apache.catalina.startup.HostConfig.deployDescriptor 배치 descriptor [D:\송현수\3.스프링\spring_study\exam07\src\conf\Catalina\localhost\exam07.xml]의 배치가 [301] 밀리초 내에 완료되었습니다.
12-Dec-2023 12:09:19.534 정보 [main] org.apache.coyote.AbstractProtocol.start 프로토콜 핸들러 ["http-nio-3000"]을(를) 시작합니다.
12-Dec-2023 12:09:19.568 정보 [main] org.apache.catalina.startup.Catalina.start 서버가 [389] 밀리초 내에 시작되었습니다.
12-Dec-2023 12:46:43.960 정보 [Thread-1] org.apache.coyote.AbstractProtocol.pause 프로토콜 핸들러 ["http-nio-3000"]을(를) 일시 정지 중
12-Dec-2023 12:46:43.964 정보 [Thread-1] org.apache.catalina.core.StandardService.stopInternal 서비스 [Catalina]을(를) 중지시킵니다.
12-Dec-2023 12:46:43.965 정보 [Thread-1] org.apache.coyote.AbstractProtocol.stop 프로토콜 핸들러 ["http-nio-3000"]을(를) 중지시킵니다.
12-Dec-2023 12:46:43.970 정보 [Thread-1] org.apache.coyote.AbstractProtocol.destroy 프로토콜 핸들러 ["http-nio-3000"]을(를) 소멸시킵니다.
