12-Dec-2023 09:45:22.015 정보 [main] org.apache.catalina.startup.VersionLoggerListener.log 서버 버전 이름:    Apache Tomcat/10.1.16
12-Dec-2023 09:45:22.017 정보 [main] org.apache.catalina.startup.VersionLoggerListener.log Server 빌드 시각:  Nov 10 2023 16:17:33 UTC
12-Dec-2023 09:45:22.017 정보 [main] org.apache.catalina.startup.VersionLoggerListener.log Server 버전 번호:  10.1.16.0
12-Dec-2023 09:45:22.017 정보 [main] org.apache.catalina.startup.VersionLoggerListener.log 운영체제 이름:     Windows 11
12-Dec-2023 09:45:22.017 정보 [main] org.apache.catalina.startup.VersionLoggerListener.log 운영체제 버전:     10.0
12-Dec-2023 09:45:22.017 정보 [main] org.apache.catalina.startup.VersionLoggerListener.log 아키텍처:          amd64
12-Dec-2023 09:45:22.017 정보 [main] org.apache.catalina.startup.VersionLoggerListener.log 자바 홈:           C:\DAV\linagre\java
12-Dec-2023 09:45:22.017 정보 [main] org.apache.catalina.startup.VersionLoggerListener.log JVM 버전:          17.0.8.1+1
12-Dec-2023 09:45:22.018 정보 [main] org.apache.catalina.startup.VersionLoggerListener.log JVM 벤더:          Eclipse Adoptium
12-Dec-2023 09:45:22.018 정보 [main] org.apache.catalina.startup.VersionLoggerListener.log CATALINA_BASE:     D:\송현수\3.스프링\spring_study\exam07\src\main
12-Dec-2023 09:45:22.018 정보 [main] org.apache.catalina.startup.VersionLoggerListener.log CATALINA_HOME:     D:\송현수\apache-tomcat-10.1.16
12-Dec-2023 09:45:22.023 정보 [main] org.apache.catalina.startup.VersionLoggerListener.log 명령 행 아규먼트:  --add-opens=java.base/java.lang=ALL-UNNAMED
12-Dec-2023 09:45:22.025 정보 [main] org.apache.catalina.startup.VersionLoggerListener.log 명령 행 아규먼트:  --add-opens=java.base/java.io=ALL-UNNAMED
12-Dec-2023 09:45:22.025 정보 [main] org.apache.catalina.startup.VersionLoggerListener.log 명령 행 아규먼트:  --add-opens=java.base/java.util=ALL-UNNAMED
12-Dec-2023 09:45:22.025 정보 [main] org.apache.catalina.startup.VersionLoggerListener.log 명령 행 아규먼트:  --add-opens=java.base/java.util.concurrent=ALL-UNNAMED
12-Dec-2023 09:45:22.025 정보 [main] org.apache.catalina.startup.VersionLoggerListener.log 명령 행 아규먼트:  --add-opens=java.rmi/sun.rmi.transport=ALL-UNNAMED
12-Dec-2023 09:45:22.025 정보 [main] org.apache.catalina.startup.VersionLoggerListener.log 명령 행 아규먼트:  -Dcatalina.home=D:\송현수\apache-tomcat-10.1.16
12-Dec-2023 09:45:22.025 정보 [main] org.apache.catalina.startup.VersionLoggerListener.log 명령 행 아규먼트:  -Dcatalina.base=D:\송현수\3.스프링\spring_study\exam07\src\main
12-Dec-2023 09:45:22.025 정보 [main] org.apache.catalina.startup.VersionLoggerListener.log 명령 행 아규먼트:  -Djava.io.tmpdir=D:\송현수\3.스프링\spring_study\exam07\src\main\temp
12-Dec-2023 09:45:22.025 정보 [main] org.apache.catalina.startup.VersionLoggerListener.log 명령 행 아규먼트:  -Djava.util.logging.config.file=D:\송현수\3.스프링\spring_study\exam07\src\main\conf\logging.properties
12-Dec-2023 09:45:22.025 정보 [main] org.apache.catalina.startup.VersionLoggerListener.log 명령 행 아규먼트:  -Djava.util.logging.manager=org.apache.juli.ClassLoaderLogManager
12-Dec-2023 09:45:22.025 정보 [main] org.apache.catalina.startup.VersionLoggerListener.log 명령 행 아규먼트:  -javaagent:C:\Program Files\JetBrains\IntelliJ IDEA Community Edition 2023.2.5\lib\idea_rt.jar=51443:C:\Program Files\JetBrains\IntelliJ IDEA Community Edition 2023.2.5\bin
12-Dec-2023 09:45:22.025 정보 [main] org.apache.catalina.startup.VersionLoggerListener.log 명령 행 아규먼트:  -Dfile.encoding=UTF-8
12-Dec-2023 09:45:22.081 정보 [main] org.apache.catalina.core.AprLifecycleListener.lifecycleEvent APR 버전 [1.7.4]을(를) 사용한, APR 기반 Apache Tomcat Native 라이브러리 [2.0.6]을(를) 로드했습니다.
12-Dec-2023 09:45:22.105 정보 [main] org.apache.catalina.core.AprLifecycleListener.initializeSSL OpenSSL이 성공적으로 초기화되었습니다: [OpenSSL 3.0.11 19 Sep 2023]
12-Dec-2023 09:45:22.278 정보 [main] org.apache.coyote.AbstractProtocol.init 프로토콜 핸들러 ["http-nio-3000"]을(를) 초기화합니다.
12-Dec-2023 09:45:22.292 정보 [main] org.apache.catalina.startup.Catalina.load [453] 밀리초 내에 서버가 초기화되었습니다.
12-Dec-2023 09:45:22.333 정보 [main] org.apache.catalina.core.StandardService.startInternal 서비스 [Catalina]을(를) 시작합니다.
12-Dec-2023 09:45:22.333 정보 [main] org.apache.catalina.core.StandardEngine.startInternal 서버 엔진을 시작합니다: [Apache Tomcat/10.1.16]
12-Dec-2023 09:45:22.350 정보 [main] org.apache.catalina.startup.HostConfig.deployDescriptor 배치 descriptor [D:\송현수\3.스프링\spring_study\exam07\src\main\conf\Catalina\localhost\ROOT.xml]을(를) 배치합니다.
12-Dec-2023 11:12:15.987 정보 [main] org.apache.catalina.startup.VersionLoggerListener.log 서버 버전 이름:    Apache Tomcat/10.1.16
12-Dec-2023 11:12:15.990 정보 [main] org.apache.catalina.startup.VersionLoggerListener.log Server 빌드 시각:  Nov 10 2023 16:17:33 UTC
12-Dec-2023 11:12:15.990 정보 [main] org.apache.catalina.startup.VersionLoggerListener.log Server 버전 번호:  10.1.16.0
12-Dec-2023 11:12:15.990 정보 [main] org.apache.catalina.startup.VersionLoggerListener.log 운영체제 이름:     Windows 11
12-Dec-2023 11:12:15.990 정보 [main] org.apache.catalina.startup.VersionLoggerListener.log 운영체제 버전:     10.0
12-Dec-2023 11:12:15.990 정보 [main] org.apache.catalina.startup.VersionLoggerListener.log 아키텍처:          amd64
12-Dec-2023 11:12:15.990 정보 [main] org.apache.catalina.startup.VersionLoggerListener.log 자바 홈:           C:\DAV\linagre\java
12-Dec-2023 11:12:15.990 정보 [main] org.apache.catalina.startup.VersionLoggerListener.log JVM 버전:          17.0.8.1+1
12-Dec-2023 11:12:15.990 정보 [main] org.apache.catalina.startup.VersionLoggerListener.log JVM 벤더:          Eclipse Adoptium
12-Dec-2023 11:12:15.990 정보 [main] org.apache.catalina.startup.VersionLoggerListener.log CATALINA_BASE:     D:\송현수\3.스프링\spring_study\exam07\src\main
12-Dec-2023 11:12:15.990 정보 [main] org.apache.catalina.startup.VersionLoggerListener.log CATALINA_HOME:     D:\송현수\apache-tomcat-10.1.16
12-Dec-2023 11:12:15.997 정보 [main] org.apache.catalina.startup.VersionLoggerListener.log 명령 행 아규먼트:  --add-opens=java.base/java.lang=ALL-UNNAMED
12-Dec-2023 11:12:15.997 정보 [main] org.apache.catalina.startup.VersionLoggerListener.log 명령 행 아규먼트:  --add-opens=java.base/java.io=ALL-UNNAMED
12-Dec-2023 11:12:15.998 정보 [main] org.apache.catalina.startup.VersionLoggerListener.log 명령 행 아규먼트:  --add-opens=java.base/java.util=ALL-UNNAMED
12-Dec-2023 11:12:15.998 정보 [main] org.apache.catalina.startup.VersionLoggerListener.log 명령 행 아규먼트:  --add-opens=java.base/java.util.concurrent=ALL-UNNAMED
12-Dec-2023 11:12:15.998 정보 [main] org.apache.catalina.startup.VersionLoggerListener.log 명령 행 아규먼트:  --add-opens=java.rmi/sun.rmi.transport=ALL-UNNAMED
12-Dec-2023 11:12:15.998 정보 [main] org.apache.catalina.startup.VersionLoggerListener.log 명령 행 아규먼트:  -Dcatalina.home=D:\송현수\apache-tomcat-10.1.16
12-Dec-2023 11:12:15.998 정보 [main] org.apache.catalina.startup.VersionLoggerListener.log 명령 행 아규먼트:  -Dcatalina.base=D:\송현수\3.스프링\spring_study\exam07\src\main
12-Dec-2023 11:12:15.998 정보 [main] org.apache.catalina.startup.VersionLoggerListener.log 명령 행 아규먼트:  -Djava.io.tmpdir=D:\송현수\3.스프링\spring_study\exam07\src\main\temp
12-Dec-2023 11:12:15.998 정보 [main] org.apache.catalina.startup.VersionLoggerListener.log 명령 행 아규먼트:  -Djava.util.logging.config.file=D:\송현수\3.스프링\spring_study\exam07\src\main\conf\logging.properties
12-Dec-2023 11:12:15.998 정보 [main] org.apache.catalina.startup.VersionLoggerListener.log 명령 행 아규먼트:  -Djava.util.logging.manager=org.apache.juli.ClassLoaderLogManager
12-Dec-2023 11:12:15.998 정보 [main] org.apache.catalina.startup.VersionLoggerListener.log 명령 행 아규먼트:  -javaagent:C:\Program Files\JetBrains\IntelliJ IDEA Community Edition 2023.2.5\lib\idea_rt.jar=52676:C:\Program Files\JetBrains\IntelliJ IDEA Community Edition 2023.2.5\bin
12-Dec-2023 11:12:15.998 정보 [main] org.apache.catalina.startup.VersionLoggerListener.log 명령 행 아규먼트:  -Dfile.encoding=UTF-8
12-Dec-2023 11:12:16.000 정보 [main] org.apache.catalina.core.AprLifecycleListener.lifecycleEvent APR 버전 [1.7.4]을(를) 사용한, APR 기반 Apache Tomcat Native 라이브러리 [2.0.6]을(를) 로드했습니다.
12-Dec-2023 11:12:16.005 정보 [main] org.apache.catalina.core.AprLifecycleListener.initializeSSL OpenSSL이 성공적으로 초기화되었습니다: [OpenSSL 3.0.11 19 Sep 2023]
12-Dec-2023 11:12:16.170 정보 [main] org.apache.coyote.AbstractProtocol.init 프로토콜 핸들러 ["http-nio-3000"]을(를) 초기화합니다.
12-Dec-2023 11:12:16.187 정보 [main] org.apache.catalina.startup.Catalina.load [334] 밀리초 내에 서버가 초기화되었습니다.
12-Dec-2023 11:12:16.223 정보 [main] org.apache.catalina.core.StandardService.startInternal 서비스 [Catalina]을(를) 시작합니다.
12-Dec-2023 11:12:16.223 정보 [main] org.apache.catalina.core.StandardEngine.startInternal 서버 엔진을 시작합니다: [Apache Tomcat/10.1.16]
12-Dec-2023 11:12:16.232 정보 [main] org.apache.catalina.startup.HostConfig.deployDescriptor 배치 descriptor [D:\송현수\3.스프링\spring_study\exam07\src\main\conf\Catalina\localhost\exam07.xml]을(를) 배치합니다.
12-Dec-2023 11:12:17.553 정보 [main] org.apache.jasper.servlet.TldScanner.scanJars 적어도 하나의 JAR가 TLD들을 찾기 위해 스캔되었으나 아무 것도 찾지 못했습니다. 스캔했으나 TLD가 없는 JAR들의 전체 목록을 보시려면, 로그 레벨을 디버그 레벨로 설정하십시오. 스캔 과정에서 불필요한 JAR들을 건너뛰면, 시스템 시작 시간과 JSP 컴파일 시간을 단축시킬 수 있습니다.
12-Dec-2023 11:12:17.755 정보 [main] org.apache.catalina.startup.HostConfig.deployDescriptor 배치 descriptor [D:\송현수\3.스프링\spring_study\exam07\src\main\conf\Catalina\localhost\exam07.xml]의 배치가 [1,519] 밀리초 내에 완료되었습니다.
12-Dec-2023 11:12:17.756 정보 [main] org.apache.coyote.AbstractProtocol.start 프로토콜 핸들러 ["http-nio-3000"]을(를) 시작합니다.
12-Dec-2023 11:12:17.787 정보 [main] org.apache.catalina.startup.Catalina.start 서버가 [1600] 밀리초 내에 시작되었습니다.
12-Dec-2023 11:13:44.639 정보 [Thread-1] org.apache.coyote.AbstractProtocol.pause 프로토콜 핸들러 ["http-nio-3000"]을(를) 일시 정지 중
12-Dec-2023 11:13:44.643 정보 [Thread-1] org.apache.catalina.core.StandardService.stopInternal 서비스 [Catalina]을(를) 중지시킵니다.
12-Dec-2023 11:13:44.662 정보 [Thread-1] org.apache.coyote.AbstractProtocol.stop 프로토콜 핸들러 ["http-nio-3000"]을(를) 중지시킵니다.
12-Dec-2023 11:13:44.676 정보 [Thread-1] org.apache.coyote.AbstractProtocol.destroy 프로토콜 핸들러 ["http-nio-3000"]을(를) 소멸시킵니다.
12-Dec-2023 11:13:45.599 정보 [main] org.apache.catalina.startup.VersionLoggerListener.log 서버 버전 이름:    Apache Tomcat/10.1.16
12-Dec-2023 11:13:45.602 정보 [main] org.apache.catalina.startup.VersionLoggerListener.log Server 빌드 시각:  Nov 10 2023 16:17:33 UTC
12-Dec-2023 11:13:45.602 정보 [main] org.apache.catalina.startup.VersionLoggerListener.log Server 버전 번호:  10.1.16.0
12-Dec-2023 11:13:45.602 정보 [main] org.apache.catalina.startup.VersionLoggerListener.log 운영체제 이름:     Windows 11
12-Dec-2023 11:13:45.602 정보 [main] org.apache.catalina.startup.VersionLoggerListener.log 운영체제 버전:     10.0
12-Dec-2023 11:13:45.602 정보 [main] org.apache.catalina.startup.VersionLoggerListener.log 아키텍처:          amd64
12-Dec-2023 11:13:45.602 정보 [main] org.apache.catalina.startup.VersionLoggerListener.log 자바 홈:           C:\DAV\linagre\java
12-Dec-2023 11:13:45.602 정보 [main] org.apache.catalina.startup.VersionLoggerListener.log JVM 버전:          17.0.8.1+1
12-Dec-2023 11:13:45.602 정보 [main] org.apache.catalina.startup.VersionLoggerListener.log JVM 벤더:          Eclipse Adoptium
12-Dec-2023 11:13:45.602 정보 [main] org.apache.catalina.startup.VersionLoggerListener.log CATALINA_BASE:     D:\송현수\3.스프링\spring_study\exam07\src\main
12-Dec-2023 11:13:45.602 정보 [main] org.apache.catalina.startup.VersionLoggerListener.log CATALINA_HOME:     D:\송현수\apache-tomcat-10.1.16
12-Dec-2023 11:13:45.608 정보 [main] org.apache.catalina.startup.VersionLoggerListener.log 명령 행 아규먼트:  --add-opens=java.base/java.lang=ALL-UNNAMED
12-Dec-2023 11:13:45.608 정보 [main] org.apache.catalina.startup.VersionLoggerListener.log 명령 행 아규먼트:  --add-opens=java.base/java.io=ALL-UNNAMED
12-Dec-2023 11:13:45.608 정보 [main] org.apache.catalina.startup.VersionLoggerListener.log 명령 행 아규먼트:  --add-opens=java.base/java.util=ALL-UNNAMED
12-Dec-2023 11:13:45.608 정보 [main] org.apache.catalina.startup.VersionLoggerListener.log 명령 행 아규먼트:  --add-opens=java.base/java.util.concurrent=ALL-UNNAMED
12-Dec-2023 11:13:45.608 정보 [main] org.apache.catalina.startup.VersionLoggerListener.log 명령 행 아규먼트:  --add-opens=java.rmi/sun.rmi.transport=ALL-UNNAMED
12-Dec-2023 11:13:45.608 정보 [main] org.apache.catalina.startup.VersionLoggerListener.log 명령 행 아규먼트:  -Dcatalina.home=D:\송현수\apache-tomcat-10.1.16
12-Dec-2023 11:13:45.608 정보 [main] org.apache.catalina.startup.VersionLoggerListener.log 명령 행 아규먼트:  -Dcatalina.base=D:\송현수\3.스프링\spring_study\exam07\src\main
12-Dec-2023 11:13:45.608 정보 [main] org.apache.catalina.startup.VersionLoggerListener.log 명령 행 아규먼트:  -Djava.io.tmpdir=D:\송현수\3.스프링\spring_study\exam07\src\main\temp
12-Dec-2023 11:13:45.608 정보 [main] org.apache.catalina.startup.VersionLoggerListener.log 명령 행 아규먼트:  -Djava.util.logging.config.file=D:\송현수\3.스프링\spring_study\exam07\src\main\conf\logging.properties
12-Dec-2023 11:13:45.610 정보 [main] org.apache.catalina.startup.VersionLoggerListener.log 명령 행 아규먼트:  -Djava.util.logging.manager=org.apache.juli.ClassLoaderLogManager
12-Dec-2023 11:13:45.610 정보 [main] org.apache.catalina.startup.VersionLoggerListener.log 명령 행 아규먼트:  -javaagent:C:\Program Files\JetBrains\IntelliJ IDEA Community Edition 2023.2.5\lib\idea_rt.jar=52704:C:\Program Files\JetBrains\IntelliJ IDEA Community Edition 2023.2.5\bin
12-Dec-2023 11:13:45.610 정보 [main] org.apache.catalina.startup.VersionLoggerListener.log 명령 행 아규먼트:  -Dfile.encoding=UTF-8
12-Dec-2023 11:13:45.611 정보 [main] org.apache.catalina.core.AprLifecycleListener.lifecycleEvent APR 버전 [1.7.4]을(를) 사용한, APR 기반 Apache Tomcat Native 라이브러리 [2.0.6]을(를) 로드했습니다.
12-Dec-2023 11:13:45.615 정보 [main] org.apache.catalina.core.AprLifecycleListener.initializeSSL OpenSSL이 성공적으로 초기화되었습니다: [OpenSSL 3.0.11 19 Sep 2023]
12-Dec-2023 11:13:45.790 정보 [main] org.apache.coyote.AbstractProtocol.init 프로토콜 핸들러 ["http-nio-3000"]을(를) 초기화합니다.
12-Dec-2023 11:13:45.807 정보 [main] org.apache.catalina.startup.Catalina.load [343] 밀리초 내에 서버가 초기화되었습니다.
12-Dec-2023 11:13:45.850 정보 [main] org.apache.catalina.core.StandardService.startInternal 서비스 [Catalina]을(를) 시작합니다.
12-Dec-2023 11:13:45.850 정보 [main] org.apache.catalina.core.StandardEngine.startInternal 서버 엔진을 시작합니다: [Apache Tomcat/10.1.16]
12-Dec-2023 11:13:45.860 정보 [main] org.apache.catalina.startup.HostConfig.deployDescriptor 배치 descriptor [D:\송현수\3.스프링\spring_study\exam07\src\main\conf\Catalina\localhost\exam07.xml]을(를) 배치합니다.
12-Dec-2023 11:13:46.116 심각 [main] org.apache.catalina.core.StandardContext.startInternal 하나 이상의 필터들이 시작하지 못했습니다. 모든 상세 사항은 적절한 컨테이너 로그 파일에서 찾을 수 있습니다.
12-Dec-2023 11:13:46.116 심각 [main] org.apache.catalina.core.StandardContext.startInternal 이전 오류들로 인해 컨텍스트 [/exam07]의 시작이 실패했습니다.
12-Dec-2023 11:13:46.123 정보 [main] org.apache.catalina.startup.HostConfig.deployDescriptor 배치 descriptor [D:\송현수\3.스프링\spring_study\exam07\src\main\conf\Catalina\localhost\exam07.xml]의 배치가 [262] 밀리초 내에 완료되었습니다.
12-Dec-2023 11:13:46.124 정보 [main] org.apache.coyote.AbstractProtocol.start 프로토콜 핸들러 ["http-nio-3000"]을(를) 시작합니다.
12-Dec-2023 11:13:46.154 정보 [main] org.apache.catalina.startup.Catalina.start 서버가 [347] 밀리초 내에 시작되었습니다.
12-Dec-2023 11:15:02.328 정보 [Thread-1] org.apache.coyote.AbstractProtocol.pause 프로토콜 핸들러 ["http-nio-3000"]을(를) 일시 정지 중
12-Dec-2023 11:15:02.332 정보 [Thread-1] org.apache.catalina.core.StandardService.stopInternal 서비스 [Catalina]을(를) 중지시킵니다.
12-Dec-2023 11:15:02.334 정보 [Thread-1] org.apache.coyote.AbstractProtocol.stop 프로토콜 핸들러 ["http-nio-3000"]을(를) 중지시킵니다.
12-Dec-2023 11:15:02.337 정보 [Thread-1] org.apache.coyote.AbstractProtocol.destroy 프로토콜 핸들러 ["http-nio-3000"]을(를) 소멸시킵니다.
12-Dec-2023 11:15:04.348 정보 [main] org.apache.catalina.startup.VersionLoggerListener.log 서버 버전 이름:    Apache Tomcat/10.1.16
12-Dec-2023 11:15:04.351 정보 [main] org.apache.catalina.startup.VersionLoggerListener.log Server 빌드 시각:  Nov 10 2023 16:17:33 UTC
12-Dec-2023 11:15:04.351 정보 [main] org.apache.catalina.startup.VersionLoggerListener.log Server 버전 번호:  10.1.16.0
12-Dec-2023 11:15:04.351 정보 [main] org.apache.catalina.startup.VersionLoggerListener.log 운영체제 이름:     Windows 11
12-Dec-2023 11:15:04.351 정보 [main] org.apache.catalina.startup.VersionLoggerListener.log 운영체제 버전:     10.0
12-Dec-2023 11:15:04.351 정보 [main] org.apache.catalina.startup.VersionLoggerListener.log 아키텍처:          amd64
12-Dec-2023 11:15:04.351 정보 [main] org.apache.catalina.startup.VersionLoggerListener.log 자바 홈:           C:\DAV\linagre\java
12-Dec-2023 11:15:04.351 정보 [main] org.apache.catalina.startup.VersionLoggerListener.log JVM 버전:          17.0.8.1+1
12-Dec-2023 11:15:04.351 정보 [main] org.apache.catalina.startup.VersionLoggerListener.log JVM 벤더:          Eclipse Adoptium
12-Dec-2023 11:15:04.351 정보 [main] org.apache.catalina.startup.VersionLoggerListener.log CATALINA_BASE:     D:\송현수\3.스프링\spring_study\exam07\src\main
12-Dec-2023 11:15:04.351 정보 [main] org.apache.catalina.startup.VersionLoggerListener.log CATALINA_HOME:     D:\송현수\apache-tomcat-10.1.16
12-Dec-2023 11:15:04.358 정보 [main] org.apache.catalina.startup.VersionLoggerListener.log 명령 행 아규먼트:  --add-opens=java.base/java.lang=ALL-UNNAMED
12-Dec-2023 11:15:04.359 정보 [main] org.apache.catalina.startup.VersionLoggerListener.log 명령 행 아규먼트:  --add-opens=java.base/java.io=ALL-UNNAMED
12-Dec-2023 11:15:04.359 정보 [main] org.apache.catalina.startup.VersionLoggerListener.log 명령 행 아규먼트:  --add-opens=java.base/java.util=ALL-UNNAMED
12-Dec-2023 11:15:04.359 정보 [main] org.apache.catalina.startup.VersionLoggerListener.log 명령 행 아규먼트:  --add-opens=java.base/java.util.concurrent=ALL-UNNAMED
12-Dec-2023 11:15:04.359 정보 [main] org.apache.catalina.startup.VersionLoggerListener.log 명령 행 아규먼트:  --add-opens=java.rmi/sun.rmi.transport=ALL-UNNAMED
12-Dec-2023 11:15:04.359 정보 [main] org.apache.catalina.startup.VersionLoggerListener.log 명령 행 아규먼트:  -Dcatalina.home=D:\송현수\apache-tomcat-10.1.16
12-Dec-2023 11:15:04.359 정보 [main] org.apache.catalina.startup.VersionLoggerListener.log 명령 행 아규먼트:  -Dcatalina.base=D:\송현수\3.스프링\spring_study\exam07\src\main
12-Dec-2023 11:15:04.359 정보 [main] org.apache.catalina.startup.VersionLoggerListener.log 명령 행 아규먼트:  -Djava.io.tmpdir=D:\송현수\3.스프링\spring_study\exam07\src\main\temp
12-Dec-2023 11:15:04.359 정보 [main] org.apache.catalina.startup.VersionLoggerListener.log 명령 행 아규먼트:  -Djava.util.logging.config.file=D:\송현수\3.스프링\spring_study\exam07\src\main\conf\logging.properties
12-Dec-2023 11:15:04.359 정보 [main] org.apache.catalina.startup.VersionLoggerListener.log 명령 행 아규먼트:  -Djava.util.logging.manager=org.apache.juli.ClassLoaderLogManager
12-Dec-2023 11:15:04.359 정보 [main] org.apache.catalina.startup.VersionLoggerListener.log 명령 행 아규먼트:  -javaagent:C:\Program Files\JetBrains\IntelliJ IDEA Community Edition 2023.2.5\lib\idea_rt.jar=52735:C:\Program Files\JetBrains\IntelliJ IDEA Community Edition 2023.2.5\bin
12-Dec-2023 11:15:04.359 정보 [main] org.apache.catalina.startup.VersionLoggerListener.log 명령 행 아규먼트:  -Dfile.encoding=UTF-8
12-Dec-2023 11:15:04.361 정보 [main] org.apache.catalina.core.AprLifecycleListener.lifecycleEvent APR 버전 [1.7.4]을(를) 사용한, APR 기반 Apache Tomcat Native 라이브러리 [2.0.6]을(를) 로드했습니다.
12-Dec-2023 11:15:04.366 정보 [main] org.apache.catalina.core.AprLifecycleListener.initializeSSL OpenSSL이 성공적으로 초기화되었습니다: [OpenSSL 3.0.11 19 Sep 2023]
12-Dec-2023 11:15:04.544 정보 [main] org.apache.coyote.AbstractProtocol.init 프로토콜 핸들러 ["http-nio-3000"]을(를) 초기화합니다.
12-Dec-2023 11:15:04.562 정보 [main] org.apache.catalina.startup.Catalina.load [358] 밀리초 내에 서버가 초기화되었습니다.
12-Dec-2023 11:15:04.601 정보 [main] org.apache.catalina.core.StandardService.startInternal 서비스 [Catalina]을(를) 시작합니다.
12-Dec-2023 11:15:04.602 정보 [main] org.apache.catalina.core.StandardEngine.startInternal 서버 엔진을 시작합니다: [Apache Tomcat/10.1.16]
12-Dec-2023 11:15:04.611 정보 [main] org.apache.catalina.startup.HostConfig.deployDescriptor 배치 descriptor [D:\송현수\3.스프링\spring_study\exam07\src\main\conf\Catalina\localhost\exam07.xml]을(를) 배치합니다.
12-Dec-2023 11:15:04.877 심각 [main] org.apache.catalina.core.StandardContext.startInternal 하나 이상의 필터들이 시작하지 못했습니다. 모든 상세 사항은 적절한 컨테이너 로그 파일에서 찾을 수 있습니다.
12-Dec-2023 11:15:04.878 심각 [main] org.apache.catalina.core.StandardContext.startInternal 이전 오류들로 인해 컨텍스트 [/exam07]의 시작이 실패했습니다.
12-Dec-2023 11:15:04.886 정보 [main] org.apache.catalina.startup.HostConfig.deployDescriptor 배치 descriptor [D:\송현수\3.스프링\spring_study\exam07\src\main\conf\Catalina\localhost\exam07.xml]의 배치가 [275] 밀리초 내에 완료되었습니다.
12-Dec-2023 11:15:04.888 정보 [main] org.apache.coyote.AbstractProtocol.start 프로토콜 핸들러 ["http-nio-3000"]을(를) 시작합니다.
12-Dec-2023 11:15:04.920 정보 [main] org.apache.catalina.startup.Catalina.start 서버가 [357] 밀리초 내에 시작되었습니다.
12-Dec-2023 11:18:23.580 정보 [Thread-1] org.apache.coyote.AbstractProtocol.pause 프로토콜 핸들러 ["http-nio-3000"]을(를) 일시 정지 중
12-Dec-2023 11:18:23.584 정보 [Thread-1] org.apache.catalina.core.StandardService.stopInternal 서비스 [Catalina]을(를) 중지시킵니다.
12-Dec-2023 11:18:23.585 정보 [Thread-1] org.apache.coyote.AbstractProtocol.stop 프로토콜 핸들러 ["http-nio-3000"]을(를) 중지시킵니다.
12-Dec-2023 11:18:23.586 정보 [Thread-1] org.apache.coyote.AbstractProtocol.destroy 프로토콜 핸들러 ["http-nio-3000"]을(를) 소멸시킵니다.
12-Dec-2023 11:47:19.727 정보 [main] org.apache.catalina.startup.VersionLoggerListener.log 서버 버전 이름:    Apache Tomcat/10.1.16
12-Dec-2023 11:47:19.729 정보 [main] org.apache.catalina.startup.VersionLoggerListener.log Server 빌드 시각:  Nov 10 2023 16:17:33 UTC
12-Dec-2023 11:47:19.729 정보 [main] org.apache.catalina.startup.VersionLoggerListener.log Server 버전 번호:  10.1.16.0
12-Dec-2023 11:47:19.729 정보 [main] org.apache.catalina.startup.VersionLoggerListener.log 운영체제 이름:     Windows 11
12-Dec-2023 11:47:19.729 정보 [main] org.apache.catalina.startup.VersionLoggerListener.log 운영체제 버전:     10.0
12-Dec-2023 11:47:19.729 정보 [main] org.apache.catalina.startup.VersionLoggerListener.log 아키텍처:          amd64
12-Dec-2023 11:47:19.729 정보 [main] org.apache.catalina.startup.VersionLoggerListener.log 자바 홈:           C:\DAV\linagre\java
12-Dec-2023 11:47:19.730 정보 [main] org.apache.catalina.startup.VersionLoggerListener.log JVM 버전:          17.0.8.1+1
12-Dec-2023 11:47:19.730 정보 [main] org.apache.catalina.startup.VersionLoggerListener.log JVM 벤더:          Eclipse Adoptium
12-Dec-2023 11:47:19.730 정보 [main] org.apache.catalina.startup.VersionLoggerListener.log CATALINA_BASE:     D:\송현수\3.스프링\spring_study\exam07\src\main
12-Dec-2023 11:47:19.730 정보 [main] org.apache.catalina.startup.VersionLoggerListener.log CATALINA_HOME:     D:\송현수\apache-tomcat-10.1.16
12-Dec-2023 11:47:19.737 정보 [main] org.apache.catalina.startup.VersionLoggerListener.log 명령 행 아규먼트:  --add-opens=java.base/java.lang=ALL-UNNAMED
12-Dec-2023 11:47:19.737 정보 [main] org.apache.catalina.startup.VersionLoggerListener.log 명령 행 아규먼트:  --add-opens=java.base/java.io=ALL-UNNAMED
12-Dec-2023 11:47:19.737 정보 [main] org.apache.catalina.startup.VersionLoggerListener.log 명령 행 아규먼트:  --add-opens=java.base/java.util=ALL-UNNAMED
12-Dec-2023 11:47:19.738 정보 [main] org.apache.catalina.startup.VersionLoggerListener.log 명령 행 아규먼트:  --add-opens=java.base/java.util.concurrent=ALL-UNNAMED
12-Dec-2023 11:47:19.738 정보 [main] org.apache.catalina.startup.VersionLoggerListener.log 명령 행 아규먼트:  --add-opens=java.rmi/sun.rmi.transport=ALL-UNNAMED
12-Dec-2023 11:47:19.738 정보 [main] org.apache.catalina.startup.VersionLoggerListener.log 명령 행 아규먼트:  -Dcatalina.home=D:\송현수\apache-tomcat-10.1.16
12-Dec-2023 11:47:19.738 정보 [main] org.apache.catalina.startup.VersionLoggerListener.log 명령 행 아규먼트:  -Dcatalina.base=D:\송현수\3.스프링\spring_study\exam07\src\main
12-Dec-2023 11:47:19.738 정보 [main] org.apache.catalina.startup.VersionLoggerListener.log 명령 행 아규먼트:  -Djava.io.tmpdir=D:\송현수\3.스프링\spring_study\exam07\src\main\temp
12-Dec-2023 11:47:19.738 정보 [main] org.apache.catalina.startup.VersionLoggerListener.log 명령 행 아규먼트:  -Djava.util.logging.config.file=D:\송현수\3.스프링\spring_study\exam07\src\main\conf\logging.properties
12-Dec-2023 11:47:19.738 정보 [main] org.apache.catalina.startup.VersionLoggerListener.log 명령 행 아규먼트:  -Djava.util.logging.manager=org.apache.juli.ClassLoaderLogManager
12-Dec-2023 11:47:19.738 정보 [main] org.apache.catalina.startup.VersionLoggerListener.log 명령 행 아규먼트:  -javaagent:C:\Program Files\JetBrains\IntelliJ IDEA Community Edition 2023.2.5\lib\idea_rt.jar=53181:C:\Program Files\JetBrains\IntelliJ IDEA Community Edition 2023.2.5\bin
12-Dec-2023 11:47:19.738 정보 [main] org.apache.catalina.startup.VersionLoggerListener.log 명령 행 아규먼트:  -Dfile.encoding=UTF-8
12-Dec-2023 11:47:19.740 정보 [main] org.apache.catalina.core.AprLifecycleListener.lifecycleEvent APR 버전 [1.7.4]을(를) 사용한, APR 기반 Apache Tomcat Native 라이브러리 [2.0.6]을(를) 로드했습니다.
12-Dec-2023 11:47:19.744 정보 [main] org.apache.catalina.core.AprLifecycleListener.initializeSSL OpenSSL이 성공적으로 초기화되었습니다: [OpenSSL 3.0.11 19 Sep 2023]
12-Dec-2023 11:47:19.911 정보 [main] org.apache.coyote.AbstractProtocol.init 프로토콜 핸들러 ["http-nio-3000"]을(를) 초기화합니다.
12-Dec-2023 11:47:19.923 정보 [main] org.apache.catalina.startup.Catalina.load [334] 밀리초 내에 서버가 초기화되었습니다.
12-Dec-2023 11:47:19.959 정보 [main] org.apache.catalina.core.StandardService.startInternal 서비스 [Catalina]을(를) 시작합니다.
12-Dec-2023 11:47:19.959 정보 [main] org.apache.catalina.core.StandardEngine.startInternal 서버 엔진을 시작합니다: [Apache Tomcat/10.1.16]
12-Dec-2023 11:47:19.970 정보 [main] org.apache.catalina.startup.HostConfig.deployDescriptor 배치 descriptor [D:\송현수\3.스프링\spring_study\exam07\src\main\conf\Catalina\localhost\exam07.xml]을(를) 배치합니다.
12-Dec-2023 11:47:20.245 심각 [main] org.apache.catalina.core.StandardContext.startInternal 하나 이상의 필터들이 시작하지 못했습니다. 모든 상세 사항은 적절한 컨테이너 로그 파일에서 찾을 수 있습니다.
12-Dec-2023 11:47:20.245 심각 [main] org.apache.catalina.core.StandardContext.startInternal 이전 오류들로 인해 컨텍스트 [/exam07]의 시작이 실패했습니다.
12-Dec-2023 11:47:20.253 정보 [main] org.apache.catalina.startup.HostConfig.deployDescriptor 배치 descriptor [D:\송현수\3.스프링\spring_study\exam07\src\main\conf\Catalina\localhost\exam07.xml]의 배치가 [283] 밀리초 내에 완료되었습니다.
12-Dec-2023 11:47:20.254 정보 [main] org.apache.coyote.AbstractProtocol.start 프로토콜 핸들러 ["http-nio-3000"]을(를) 시작합니다.
12-Dec-2023 11:47:20.286 정보 [main] org.apache.catalina.startup.Catalina.start 서버가 [362] 밀리초 내에 시작되었습니다.
12-Dec-2023 11:48:19.102 정보 [Thread-1] org.apache.coyote.AbstractProtocol.pause 프로토콜 핸들러 ["http-nio-3000"]을(를) 일시 정지 중
12-Dec-2023 11:48:19.106 정보 [Thread-1] org.apache.catalina.core.StandardService.stopInternal 서비스 [Catalina]을(를) 중지시킵니다.
12-Dec-2023 11:48:19.107 정보 [Thread-1] org.apache.coyote.AbstractProtocol.stop 프로토콜 핸들러 ["http-nio-3000"]을(를) 중지시킵니다.
12-Dec-2023 11:48:19.110 정보 [Thread-1] org.apache.coyote.AbstractProtocol.destroy 프로토콜 핸들러 ["http-nio-3000"]을(를) 소멸시킵니다.
